platforms/android/build/outputs/logs/manifest-merger-debug-report.txt
-- Merging decision tree log ---
manifest
ADDED from platforms\android\AndroidManifest.xml:2:1-28:12
	package
		ADDED from platforms\android\AndroidManifest.xml:2:98-130
		INJECTED from platforms\android\AndroidManifest.xml
		INJECTED from platforms\android\AndroidManifest.xml
	android:versionName
		ADDED from platforms\android\AndroidManifest.xml:2:70-97
		INJECTED from platforms\android\AndroidManifest.xml
		INJECTED from platforms\android\AndroidManifest.xml
	android:hardwareAccelerated
		ADDED from platforms\android\AndroidManifest.xml:2:11-45
	android:versionCode
		ADDED from platforms\android\AndroidManifest.xml:2:46-69
		INJECTED from platforms\android\AndroidManifest.xml
		INJECTED from platforms\android\AndroidManifest.xml
	xmlns:android
		ADDED from platforms\android\AndroidManifest.xml:2:131-189
supports-screens
ADDED from platforms\android\AndroidManifest.xml:3:5-191
	android:largeScreens
		ADDED from platforms\android\AndroidManifest.xml:3:49-76
	android:smallScreens
		ADDED from platforms\android\AndroidManifest.xml:3:132-159
	android:normalScreens
		ADDED from platforms\android\AndroidManifest.xml:3:77-105
	android:xlargeScreens
		ADDED from platforms\android\AndroidManifest.xml:3:160-188
	android:resizeable
		ADDED from platforms\android\AndroidManifest.xml:3:106-131
	android:anyDensity
		ADDED from platforms\android\AndroidManifest.xml:3:23-48
uses-permission#android.permission.INTERNET
ADDED from platforms\android\AndroidManifest.xml:4:5-67
	android:name
		ADDED from platforms\android\AndroidManifest.xml:4:22-64
application
ADDED from platforms\android\AndroidManifest.xml:5:5-15:19
MERGED from [com.github.ergovia-mobile:android-transcoder:v0.1.10R_ergovia] AndroidManifest.xml:9:5-20
MERGED from [com.android.support:support-v4:24.1.1] AndroidManifest.xml:25:5-20
	android:label
		ADDED from platforms\android\AndroidManifest.xml:5:81-113
	android:supportsRtl
		ADDED from platforms\android\AndroidManifest.xml:5:114-140
	android:hardwareAccelerated
		ADDED from platforms\android\AndroidManifest.xml:5:18-52
	android:icon
		ADDED from platforms\android\AndroidManifest.xml:5:53-80
activity#com.gakuen.iueducation.MainActivity
ADDED from platforms\android\AndroidManifest.xml:6:9-11:20
	android:label
		ADDED from platforms\android\AndroidManifest.xml:6:97-134
	android:launchMode
		ADDED from platforms\android\AndroidManifest.xml:6:135-165
	android:windowSoftInputMode
		ADDED from platforms\android\AndroidManifest.xml:6:257-299
	android:configChanges
		ADDED from platforms\android\AndroidManifest.xml:6:19-96
	android:theme
		ADDED from platforms\android\AndroidManifest.xml:6:194-256
	android:name
		ADDED from platforms\android\AndroidManifest.xml:6:166-193
intent-filter#android.intent.action.MAIN+android.intent.category.LAUNCHER
ADDED from platforms\android\AndroidManifest.xml:7:13-10:29
	android:label
		ADDED from platforms\android\AndroidManifest.xml:7:28-65
action#android.intent.action.MAIN
ADDED from platforms\android\AndroidManifest.xml:8:17-69
	android:name
		ADDED from platforms\android\AndroidManifest.xml:8:25-66
category#android.intent.category.LAUNCHER
ADDED from platforms\android\AndroidManifest.xml:9:17-77
	android:name
		ADDED from platforms\android\AndroidManifest.xml:9:27-74
provider#android.support.v4.content.FileProvider
ADDED from platforms\android\AndroidManifest.xml:12:9-14:20
	android:authorities
		ADDED from platforms\android\AndroidManifest.xml:12:19-66
		INJECTED from platforms\android\AndroidManifest.xml
	android:grantUriPermissions
		ADDED from platforms\android\AndroidManifest.xml:12:92-126
	android:exported
		ADDED from platforms\android\AndroidManifest.xml:12:67-91
	android:name
		ADDED from platforms\android\AndroidManifest.xml:12:127-181
meta-data#android.support.FILE_PROVIDER_PATHS
ADDED from platforms\android\AndroidManifest.xml:13:13-116
	android:resource
		ADDED from platforms\android\AndroidManifest.xml:13:75-113
	android:name
		ADDED from platforms\android\AndroidManifest.xml:13:24-74
uses-sdk
ADDED from platforms\android\AndroidManifest.xml:16:5-74
MERGED from [com.github.ergovia-mobile:android-transcoder:v0.1.10R_ergovia] AndroidManifest.xml:5:5-7:41
MERGED from [com.android.support:support-v4:24.1.1] AndroidManifest.xml:21:5-23:54
MERGED from [android:CordovaLib:unspecified:debug] AndroidManifest.xml:25:5-44
	tools:overrideLibrary
		ADDED from [com.android.support:support-v4:24.1.1] AndroidManifest.xml:23:9-51
	android:targetSdkVersion
		ADDED from platforms\android\AndroidManifest.xml:16:42-71
	android:minSdkVersion
		ADDED from platforms\android\AndroidManifest.xml:16:15-41
uses-permission#android.permission.WRITE_EXTERNAL_STORAGE
ADDED from platforms\android\AndroidManifest.xml:17:5-81
	android:name
		ADDED from platforms\android\AndroidManifest.xml:17:22-78
uses-permission#android.permission.RECORD_AUDIO
ADDED from platforms\android\AndroidManifest.xml:18:5-71
	android:name
		ADDED from platforms\android\AndroidManifest.xml:18:22-68
uses-permission#android.permission.MODIFY_AUDIO_SETTINGS
ADDED from platforms\android\AndroidManifest.xml:19:5-80
	android:name
		ADDED from platforms\android\AndroidManifest.xml:19:22-77
uses-permission#android.permission.READ_PHONE_STATE
ADDED from platforms\android\AndroidManifest.xml:20:5-75
	android:name
		ADDED from platforms\android\AndroidManifest.xml:20:22-72
uses-permission#android.permission.SEND_SMS
ADDED from platforms\android\AndroidManifest.xml:21:5-67
	android:name
		ADDED from platforms\android\AndroidManifest.xml:21:22-64
uses-feature#android.hardware.telephony
ADDED from platforms\android\AndroidManifest.xml:22:5-88
	android:required
		ADDED from platforms\android\AndroidManifest.xml:22:61-85
	android:name
		ADDED from platforms\android\AndroidManifest.xml:22:19-60
uses-permission#android.permission.READ_EXTERNAL_STORAGE
ADDED from platforms\android\AndroidManifest.xml:23:5-80
	android:name
		ADDED from platforms\android\AndroidManifest.xml:23:22-77
uses-permission#android.permission.ACCESS_NETWORK_STATE
ADDED from platforms\android\AndroidManifest.xml:24:5-79
	android:name
		ADDED from platforms\android\AndroidManifest.xml:24:22-76
uses-permission#android.permission.ACCESS_COARSE_LOCATION
ADDED from platforms\android\AndroidManifest.xml:25:5-81
	android:name
		ADDED from platforms\android\AndroidManifest.xml:25:22-78
uses-permission#android.permission.ACCESS_FINE_LOCATION
ADDED from platforms\android\AndroidManifest.xml:26:5-79
	android:name
		ADDED from platforms\android\AndroidManifest.xml:26:22-76
uses-feature#android.hardware.location.gps
ADDED from platforms\android\AndroidManifest.xml:27:5-66
	android:name
		ADDED from platforms\android\AndroidManifest.xml:27:19-63